[01m[K/home/nakulsharma/ros2_ws/src/drone_fleet/src/Drone.cpp:1:10:[m[K [01;31m[Kfatal error: [m[KDrone.hpp: No such file or directory
    1 | #include [01;31m[K"Drone.hpp"[m[K
      |          [01;31m[K^~~~~~~~~~~[m[K
[01m[K/home/nakulsharma/ros2_ws/src/drone_fleet/src/MissionDrone.cpp:1:10:[m[K [01;31m[Kfatal error: [m[KMissionDrone.hpp: No such file or directory
    1 | #include [01;31m[K"MissionDrone.hpp"[m[K
      |          [01;31m[K^~~~~~~~~~~~~~~~~~[m[K
compilation terminated.
compilation terminated.
[01m[K/home/nakulsharma/ros2_ws/src/drone_fleet/src/Vehicle.cpp:1:10:[m[K [01;31m[Kfatal error: [m[KVehicle.hpp: No such file or directory
    1 | #include [01;31m[K"Vehicle.hpp"[m[K
      |          [01;31m[K^~~~~~~~~~~~~[m[K
compilation terminated.
gmake[2]: *** [CMakeFiles/drone_node.dir/build.make:104: CMakeFiles/drone_node.dir/src/Drone.cpp.o] Error 1
gmake[2]: *** Waiting for unfinished jobs....
gmake[2]: *** [CMakeFiles/drone_node.dir/build.make:90: CMakeFiles/drone_node.dir/src/Vehicle.cpp.o] Error 1
gmake[2]: *** [CMakeFiles/drone_node.dir/build.make:118: CMakeFiles/drone_node.dir/src/MissionDrone.cpp.o] Error 1
[01m[K/home/nakulsharma/ros2_ws/src/drone_fleet/src/drone_node.cpp:4:10:[m[K [01;31m[Kfatal error: [m[KMissionDrone.hpp: No such file or directory
    4 | #include [01;31m[K"MissionDrone.hpp"[m[K
      |          [01;31m[K^~~~~~~~~~~~~~~~~~[m[K
compilation terminated.
gmake[2]: *** [CMakeFiles/drone_node.dir/build.make:76: CMakeFiles/drone_node.dir/src/drone_node.cpp.o] Error 1
gmake[1]: *** [CMakeFiles/Makefile2:137: CMakeFiles/drone_node.dir/all] Error 2
gmake: *** [Makefile:146: all] Error 2
