[0.019s] Invoking command in '/home/nakulsharma/ros2_ws/src/drone_fleet/build/drone_fleet': CMAKE_PREFIX_PATH=${CMAKE_PREFIX_PATH}:/opt/ros/jazzy DEBUGINFOD_URLS=https://debuginfod.ubuntu.com /usr/bin/cmake /home/nakulsharma/ros2_ws/src/drone_fleet -DCMAKE_INSTALL_PREFIX=/home/nakulsharma/ros2_ws/src/drone_fleet/install/drone_fleet
[0.121s] -- The C compiler identification is GNU 13.3.0
[0.183s] -- The CXX compiler identification is GNU 13.3.0
[0.193s] -- Detecting C compiler ABI info
[0.249s] -- Detecting C compiler ABI info - done
[0.254s] -- Check for working C compiler: /usr/bin/cc - skipped
[0.254s] -- Detecting C compile features
[0.255s] -- Detecting C compile features - done
[0.259s] -- Detecting CXX compiler ABI info
[0.302s] -- Detecting CXX compiler ABI info - done
[0.312s] -- Check for working CXX compiler: /usr/bin/c++ - skipped
[0.312s] -- Detecting CXX compile features
[0.312s] -- Detecting CXX compile features - done
[0.321s] -- Found ament_cmake: 2.5.6 (/opt/ros/jazzy/share/ament_cmake/cmake)
[0.386s] -- Found Python3: /usr/bin/python3 (found version "3.12.3") found components: Interpreter 
[0.451s] -- Found rclcpp: 28.1.18 (/opt/ros/jazzy/share/rclcpp/cmake)
[0.480s] -- Found rosidl_generator_c: 4.6.7 (/opt/ros/jazzy/share/rosidl_generator_c/cmake)
[0.487s] -- Found rosidl_generator_cpp: 4.6.7 (/opt/ros/jazzy/share/rosidl_generator_cpp/cmake)
[0.499s] -- Using all available rosidl_typesupport_c: rosidl_typesupport_fastrtps_c;rosidl_typesupport_introspection_c
[0.515s] -- Using all available rosidl_typesupport_cpp: rosidl_typesupport_fastrtps_cpp;rosidl_typesupport_introspection_cpp
[0.555s] -- Found rmw_implementation_cmake: 7.3.3 (/opt/ros/jazzy/share/rmw_implementation_cmake/cmake)
[0.557s] -- Found rmw_fastrtps_cpp: 8.4.3 (/opt/ros/jazzy/share/rmw_fastrtps_cpp/cmake)
[0.593s] -- Found OpenSSL: /usr/lib/aarch64-linux-gnu/libcrypto.so (found version "3.0.13")  
[0.602s] -- Found FastRTPS: /opt/ros/jazzy/include (Required is at least version "2.13") 
[0.620s] -- Using RMW implementation 'rmw_fastrtps_cpp' as default
[0.657s] -- Found std_msgs: 5.3.7 (/opt/ros/jazzy/share/std_msgs/cmake)
[0.665s] -- Found std_srvs: 5.3.7 (/opt/ros/jazzy/share/std_srvs/cmake)
[0.674s] -- Found ament_lint_auto: 0.17.5 (/opt/ros/jazzy/share/ament_lint_auto/cmake)
[0.729s] -- Added test 'cppcheck' to perform static code analysis on C / C++ code
[0.729s] -- Configured cppcheck include dirs: 
[0.729s] -- Configured cppcheck exclude dirs and/or files: 
[0.730s] -- Added test 'lint_cmake' to check CMake code style
[0.732s] -- Added test 'uncrustify' to check C / C++ code style
[0.732s] -- Configured uncrustify additional arguments: 
[0.732s] -- Added test 'xmllint' to check XML markup files
[0.733s] -- Configuring done (0.7s)
[0.735s] -- Generating done (0.0s)
[0.736s] -- Build files have been written to: /home/nakulsharma/ros2_ws/src/drone_fleet/build/drone_fleet
[0.740s] Invoked command in '/home/nakulsharma/ros2_ws/src/drone_fleet/build/drone_fleet' returned '0': CMAKE_PREFIX_PATH=${CMAKE_PREFIX_PATH}:/opt/ros/jazzy DEBUGINFOD_URLS=https://debuginfod.ubuntu.com /usr/bin/cmake /home/nakulsharma/ros2_ws/src/drone_fleet -DCMAKE_INSTALL_PREFIX=/home/nakulsharma/ros2_ws/src/drone_fleet/install/drone_fleet
[0.741s] Invoking command in '/home/nakulsharma/ros2_ws/src/drone_fleet/build/drone_fleet': CMAKE_PREFIX_PATH=${CMAKE_PREFIX_PATH}:/opt/ros/jazzy DEBUGINFOD_URLS=https://debuginfod.ubuntu.com /usr/bin/cmake --build /home/nakulsharma/ros2_ws/src/drone_fleet/build/drone_fleet -- -j4 -l4
[0.759s] Invoked command in '/home/nakulsharma/ros2_ws/src/drone_fleet/build/drone_fleet' returned '0': CMAKE_PREFIX_PATH=${CMAKE_PREFIX_PATH}:/opt/ros/jazzy DEBUGINFOD_URLS=https://debuginfod.ubuntu.com /usr/bin/cmake --build /home/nakulsharma/ros2_ws/src/drone_fleet/build/drone_fleet -- -j4 -l4
[0.763s] Invoking command in '/home/nakulsharma/ros2_ws/src/drone_fleet/build/drone_fleet': CMAKE_PREFIX_PATH=${CMAKE_PREFIX_PATH}:/opt/ros/jazzy DEBUGINFOD_URLS=https://debuginfod.ubuntu.com /usr/bin/cmake --install /home/nakulsharma/ros2_ws/src/drone_fleet/build/drone_fleet
[0.766s] -- Install configuration: ""
[0.766s] -- Installing: /home/nakulsharma/ros2_ws/src/drone_fleet/install/drone_fleet/share/ament_index/resource_index/package_run_dependencies/drone_fleet
[0.766s] -- Installing: /home/nakulsharma/ros2_ws/src/drone_fleet/install/drone_fleet/share/ament_index/resource_index/parent_prefix_path/drone_fleet
[0.766s] -- Installing: /home/nakulsharma/ros2_ws/src/drone_fleet/install/drone_fleet/share/drone_fleet/environment/ament_prefix_path.sh
[0.767s] -- Installing: /home/nakulsharma/ros2_ws/src/drone_fleet/install/drone_fleet/share/drone_fleet/environment/ament_prefix_path.dsv
[0.767s] -- Installing: /home/nakulsharma/ros2_ws/src/drone_fleet/install/drone_fleet/share/drone_fleet/environment/path.sh
[0.767s] -- Installing: /home/nakulsharma/ros2_ws/src/drone_fleet/install/drone_fleet/share/drone_fleet/environment/path.dsv
[0.767s] -- Installing: /home/nakulsharma/ros2_ws/src/drone_fleet/install/drone_fleet/share/drone_fleet/local_setup.bash
[0.767s] -- Installing: /home/nakulsharma/ros2_ws/src/drone_fleet/install/drone_fleet/share/drone_fleet/local_setup.sh
[0.767s] -- Installing: /home/nakulsharma/ros2_ws/src/drone_fleet/install/drone_fleet/share/drone_fleet/local_setup.zsh
[0.767s] -- Installing: /home/nakulsharma/ros2_ws/src/drone_fleet/install/drone_fleet/share/drone_fleet/local_setup.dsv
[0.767s] -- Installing: /home/nakulsharma/ros2_ws/src/drone_fleet/install/drone_fleet/share/drone_fleet/package.dsv
[0.767s] -- Installing: /home/nakulsharma/ros2_ws/src/drone_fleet/install/drone_fleet/share/ament_index/resource_index/packages/drone_fleet
[0.767s] -- Installing: /home/nakulsharma/ros2_ws/src/drone_fleet/install/drone_fleet/share/drone_fleet/cmake/drone_fleetConfig.cmake
[0.767s] -- Installing: /home/nakulsharma/ros2_ws/src/drone_fleet/install/drone_fleet/share/drone_fleet/cmake/drone_fleetConfig-version.cmake
[0.767s] -- Installing: /home/nakulsharma/ros2_ws/src/drone_fleet/install/drone_fleet/share/drone_fleet/package.xml
[0.768s] Invoked command in '/home/nakulsharma/ros2_ws/src/drone_fleet/build/drone_fleet' returned '0': CMAKE_PREFIX_PATH=${CMAKE_PREFIX_PATH}:/opt/ros/jazzy DEBUGINFOD_URLS=https://debuginfod.ubuntu.com /usr/bin/cmake --install /home/nakulsharma/ros2_ws/src/drone_fleet/build/drone_fleet
