[0.048s] DEBUG:colcon:Command line arguments: ['/usr/bin/colcon', 'build', '--packages-select', 'drone_fleet']
[0.048s] DEBUG:colcon:Parsed command line arguments: Namespace(log_base=None, log_level=None, verb_name='build', build_base='build', install_base='install', merge_install=False, symlink_install=False, test_result_base=None, continue_on_error=False, executor='parallel', parallel_workers=4, event_handlers=None, ignore_user_meta=False, metas=['./colcon.meta'], base_paths=['.'], packages_ignore=None, packages_ignore_regex=None, paths=None, packages_up_to=None, packages_up_to_regex=None, packages_above=None, packages_above_and_dependencies=None, packages_above_depth=None, packages_select_by_dep=None, packages_skip_by_dep=None, packages_skip_up_to=None, packages_select_build_failed=False, packages_skip_build_finished=False, packages_select_test_failures=False, packages_skip_test_passed=False, packages_select=['drone_fleet'], packages_skip=None, packages_select_regex=None, packages_skip_regex=None, packages_start=None, packages_end=None, allow_overriding=[], cmake_args=None, cmake_target=None, cmake_target_skip_unavailable=False, cmake_clean_cache=False, cmake_clean_first=False, cmake_force_configure=False, ament_cmake_args=None, catkin_cmake_args=None, catkin_skip_building_tests=False, verb_parser=<colcon_defaults.argument_parser.defaults.DefaultArgumentsDecorator object at 0xe0fc316ee270>, verb_extension=<colcon_core.verb.build.BuildVerb object at 0xe0fc3168d850>, main=<bound method BuildVerb.main of <colcon_core.verb.build.BuildVerb object at 0xe0fc3168d850>>)
[0.109s] Level 1:colcon.colcon_core.package_discovery:discover_packages(colcon_meta) check parameters
[0.109s] Level 1:colcon.colcon_core.package_discovery:discover_packages(recursive) check parameters
[0.109s] Level 1:colcon.colcon_core.package_discovery:discover_packages(ignore) check parameters
[0.109s] Level 1:colcon.colcon_core.package_discovery:discover_packages(path) check parameters
[0.109s] Level 1:colcon.colcon_core.package_discovery:discover_packages(colcon_meta) discover
[0.109s] Level 1:colcon.colcon_core.package_discovery:discover_packages(recursive) discover
[0.109s] INFO:colcon.colcon_core.package_discovery:Crawling recursively for packages in '/home/nakulsharma/ros2_ws/src/drone_fleet'
[0.109s] Level 1:colcon.colcon_core.package_identification:_identify(.) by extensions ['ignore', 'ignore_ament_install']
[0.109s] Level 1:colcon.colcon_core.package_identification:_identify(.) by extension 'ignore'
[0.109s] Level 1:colcon.colcon_core.package_identification:_identify(.) by extension 'ignore_ament_install'
[0.109s] Level 1:colcon.colcon_core.package_identification:_identify(.) by extensions ['colcon_pkg']
[0.109s] Level 1:colcon.colcon_core.package_identification:_identify(.) by extension 'colcon_pkg'
[0.109s] Level 1:colcon.colcon_core.package_identification:_identify(.) by extensions ['colcon_meta']
[0.109s] Level 1:colcon.colcon_core.package_identification:_identify(.) by extension 'colcon_meta'
[0.109s] Level 1:colcon.colcon_core.package_identification:_identify(.) by extensions ['ros']
[0.109s] Level 1:colcon.colcon_core.package_identification:_identify(.) by extension 'ros'
[0.121s] DEBUG:colcon.colcon_core.package_identification:Package '.' with type 'ros.ament_cmake' and name 'drone_fleet'
[0.121s] Level 1:colcon.colcon_core.package_discovery:discover_packages(recursive) using defaults
[0.121s] Level 1:colcon.colcon_core.package_discovery:discover_packages(ignore) discover
[0.121s] Level 1:colcon.colcon_core.package_discovery:discover_packages(ignore) using defaults
[0.121s] Level 1:colcon.colcon_core.package_discovery:discover_packages(path) discover
[0.121s] Level 1:colcon.colcon_core.package_discovery:discover_packages(path) using defaults
[0.130s] Level 1:colcon.colcon_core.package_discovery:discover_packages(prefix_path) check parameters
[0.130s] Level 1:colcon.colcon_core.package_discovery:discover_packages(prefix_path) discover
[0.131s] DEBUG:colcon.colcon_installed_package_information.package_discovery:Found 1 installed packages in /home/nakulsharma/ros2_ws/src/drone_fleet/install
[0.132s] DEBUG:colcon.colcon_installed_package_information.package_discovery:Found 287 installed packages in /opt/ros/jazzy
[0.132s] Level 1:colcon.colcon_core.package_discovery:discover_packages(prefix_path) using defaults
[0.155s] Level 5:colcon.colcon_core.verb:set package 'drone_fleet' build argument 'cmake_args' from command line to 'None'
[0.155s] Level 5:colcon.colcon_core.verb:set package 'drone_fleet' build argument 'cmake_target' from command line to 'None'
[0.155s] Level 5:colcon.colcon_core.verb:set package 'drone_fleet' build argument 'cmake_target_skip_unavailable' from command line to 'False'
[0.155s] Level 5:colcon.colcon_core.verb:set package 'drone_fleet' build argument 'cmake_clean_cache' from command line to 'False'
[0.155s] Level 5:colcon.colcon_core.verb:set package 'drone_fleet' build argument 'cmake_clean_first' from command line to 'False'
[0.155s] Level 5:colcon.colcon_core.verb:set package 'drone_fleet' build argument 'cmake_force_configure' from command line to 'False'
[0.155s] Level 5:colcon.colcon_core.verb:set package 'drone_fleet' build argument 'ament_cmake_args' from command line to 'None'
[0.155s] Level 5:colcon.colcon_core.verb:set package 'drone_fleet' build argument 'catkin_cmake_args' from command line to 'None'
[0.155s] Level 5:colcon.colcon_core.verb:set package 'drone_fleet' build argument 'catkin_skip_building_tests' from command line to 'False'
[0.155s] DEBUG:colcon.colcon_core.verb:Building package 'drone_fleet' with the following arguments: {'ament_cmake_args': None, 'build_base': '/home/nakulsharma/ros2_ws/src/drone_fleet/build/drone_fleet', 'catkin_cmake_args': None, 'catkin_skip_building_tests': False, 'cmake_args': None, 'cmake_clean_cache': False, 'cmake_clean_first': False, 'cmake_force_configure': False, 'cmake_target': None, 'cmake_target_skip_unavailable': False, 'install_base': '/home/nakulsharma/ros2_ws/src/drone_fleet/install/drone_fleet', 'merge_install': False, 'path': '/home/nakulsharma/ros2_ws/src/drone_fleet', 'symlink_install': False, 'test_result_base': None}
[0.155s] INFO:colcon.colcon_core.executor:Executing jobs using 'parallel' executor
[0.156s] DEBUG:colcon.colcon_parallel_executor.executor.parallel:run_until_complete
[0.156s] INFO:colcon.colcon_ros.task.ament_cmake.build:Building ROS package in '/home/nakulsharma/ros2_ws/src/drone_fleet' with build type 'ament_cmake'
[0.156s] INFO:colcon.colcon_cmake.task.cmake.build:Building CMake package in '/home/nakulsharma/ros2_ws/src/drone_fleet'
[0.157s] INFO:colcon.colcon_core.plugin_system:Skipping extension 'colcon_core.shell.bat': Not used on non-Windows systems
[0.157s] INFO:colcon.colcon_core.shell:Skip shell extension 'powershell' for command environment: Not usable outside of PowerShell
[0.157s] DEBUG:colcon.colcon_core.shell:Skip shell extension 'dsv' for command environment
[0.167s] DEBUG:colcon.colcon_core.event_handler.log_command:Invoking command in '/home/nakulsharma/ros2_ws/src/drone_fleet/build/drone_fleet': CMAKE_PREFIX_PATH=${CMAKE_PREFIX_PATH}:/opt/ros/jazzy DEBUGINFOD_URLS=https://debuginfod.ubuntu.com /usr/bin/cmake --build /home/nakulsharma/ros2_ws/src/drone_fleet/build/drone_fleet -- -j4 -l4
[2.601s] DEBUG:colcon.colcon_core.event_handler.log_command:Invoked command in '/home/nakulsharma/ros2_ws/src/drone_fleet/build/drone_fleet' returned '0': CMAKE_PREFIX_PATH=${CMAKE_PREFIX_PATH}:/opt/ros/jazzy DEBUGINFOD_URLS=https://debuginfod.ubuntu.com /usr/bin/cmake --build /home/nakulsharma/ros2_ws/src/drone_fleet/build/drone_fleet -- -j4 -l4
[2.610s] DEBUG:colcon.colcon_core.event_handler.log_command:Invoking command in '/home/nakulsharma/ros2_ws/src/drone_fleet/build/drone_fleet': CMAKE_PREFIX_PATH=${CMAKE_PREFIX_PATH}:/opt/ros/jazzy DEBUGINFOD_URLS=https://debuginfod.ubuntu.com /usr/bin/cmake --install /home/nakulsharma/ros2_ws/src/drone_fleet/build/drone_fleet
[2.617s] Level 1:colcon.colcon_core.environment:create_environment_scripts_only(drone_fleet)
[2.620s] DEBUG:colcon.colcon_core.event_handler.log_command:Invoked command in '/home/nakulsharma/ros2_ws/src/drone_fleet/build/drone_fleet' returned '0': CMAKE_PREFIX_PATH=${CMAKE_PREFIX_PATH}:/opt/ros/jazzy DEBUGINFOD_URLS=https://debuginfod.ubuntu.com /usr/bin/cmake --install /home/nakulsharma/ros2_ws/src/drone_fleet/build/drone_fleet
[2.621s] Level 1:colcon.colcon_core.environment:checking '/home/nakulsharma/ros2_ws/src/drone_fleet/install/drone_fleet' for CMake module files
[2.621s] Level 1:colcon.colcon_core.environment:checking '/home/nakulsharma/ros2_ws/src/drone_fleet/install/drone_fleet' for CMake config files
[2.621s] Level 1:colcon.colcon_core.shell:create_environment_hook('drone_fleet', 'cmake_prefix_path')
[2.621s] INFO:colcon.colcon_core.shell:Creating environment hook '/home/nakulsharma/ros2_ws/src/drone_fleet/install/drone_fleet/share/drone_fleet/hook/cmake_prefix_path.ps1'
[2.622s] INFO:colcon.colcon_core.shell:Creating environment descriptor '/home/nakulsharma/ros2_ws/src/drone_fleet/install/drone_fleet/share/drone_fleet/hook/cmake_prefix_path.dsv'
[2.622s] INFO:colcon.colcon_core.shell:Creating environment hook '/home/nakulsharma/ros2_ws/src/drone_fleet/install/drone_fleet/share/drone_fleet/hook/cmake_prefix_path.sh'
[2.623s] Level 1:colcon.colcon_core.environment:checking '/home/nakulsharma/ros2_ws/src/drone_fleet/install/drone_fleet/lib'
[2.623s] Level 1:colcon.colcon_core.environment:checking '/home/nakulsharma/ros2_ws/src/drone_fleet/install/drone_fleet/bin'
[2.623s] Level 1:colcon.colcon_core.environment:checking '/home/nakulsharma/ros2_ws/src/drone_fleet/install/drone_fleet/lib/pkgconfig/drone_fleet.pc'
[2.623s] Level 1:colcon.colcon_core.environment:checking '/home/nakulsharma/ros2_ws/src/drone_fleet/install/drone_fleet/lib/python3.12/site-packages'
[2.623s] Level 1:colcon.colcon_core.environment:checking '/home/nakulsharma/ros2_ws/src/drone_fleet/install/drone_fleet/bin'
[2.623s] INFO:colcon.colcon_core.shell:Creating package script '/home/nakulsharma/ros2_ws/src/drone_fleet/install/drone_fleet/share/drone_fleet/package.ps1'
[2.624s] INFO:colcon.colcon_core.shell:Creating package descriptor '/home/nakulsharma/ros2_ws/src/drone_fleet/install/drone_fleet/share/drone_fleet/package.dsv'
[2.624s] INFO:colcon.colcon_core.shell:Creating package script '/home/nakulsharma/ros2_ws/src/drone_fleet/install/drone_fleet/share/drone_fleet/package.sh'
[2.624s] INFO:colcon.colcon_core.shell:Creating package script '/home/nakulsharma/ros2_ws/src/drone_fleet/install/drone_fleet/share/drone_fleet/package.bash'
[2.625s] INFO:colcon.colcon_core.shell:Creating package script '/home/nakulsharma/ros2_ws/src/drone_fleet/install/drone_fleet/share/drone_fleet/package.zsh'
[2.625s] Level 1:colcon.colcon_core.environment:create_file_with_runtime_dependencies(/home/nakulsharma/ros2_ws/src/drone_fleet/install/drone_fleet/share/colcon-core/packages/drone_fleet)
[2.625s] Level 1:colcon.colcon_core.environment:create_environment_scripts_only(drone_fleet)
[2.625s] Level 1:colcon.colcon_core.environment:checking '/home/nakulsharma/ros2_ws/src/drone_fleet/install/drone_fleet' for CMake module files
[2.625s] Level 1:colcon.colcon_core.environment:checking '/home/nakulsharma/ros2_ws/src/drone_fleet/install/drone_fleet' for CMake config files
[2.625s] Level 1:colcon.colcon_core.shell:create_environment_hook('drone_fleet', 'cmake_prefix_path')
[2.625s] INFO:colcon.colcon_core.shell:Creating environment hook '/home/nakulsharma/ros2_ws/src/drone_fleet/install/drone_fleet/share/drone_fleet/hook/cmake_prefix_path.ps1'
[2.626s] INFO:colcon.colcon_core.shell:Creating environment descriptor '/home/nakulsharma/ros2_ws/src/drone_fleet/install/drone_fleet/share/drone_fleet/hook/cmake_prefix_path.dsv'
[2.626s] INFO:colcon.colcon_core.shell:Creating environment hook '/home/nakulsharma/ros2_ws/src/drone_fleet/install/drone_fleet/share/drone_fleet/hook/cmake_prefix_path.sh'
[2.626s] Level 1:colcon.colcon_core.environment:checking '/home/nakulsharma/ros2_ws/src/drone_fleet/install/drone_fleet/lib'
[2.626s] Level 1:colcon.colcon_core.environment:checking '/home/nakulsharma/ros2_ws/src/drone_fleet/install/drone_fleet/bin'
[2.626s] Level 1:colcon.colcon_core.environment:checking '/home/nakulsharma/ros2_ws/src/drone_fleet/install/drone_fleet/lib/pkgconfig/drone_fleet.pc'
[2.626s] Level 1:colcon.colcon_core.environment:checking '/home/nakulsharma/ros2_ws/src/drone_fleet/install/drone_fleet/lib/python3.12/site-packages'
[2.626s] Level 1:colcon.colcon_core.environment:checking '/home/nakulsharma/ros2_ws/src/drone_fleet/install/drone_fleet/bin'
[2.626s] INFO:colcon.colcon_core.shell:Creating package script '/home/nakulsharma/ros2_ws/src/drone_fleet/install/drone_fleet/share/drone_fleet/package.ps1'
[2.626s] INFO:colcon.colcon_core.shell:Creating package descriptor '/home/nakulsharma/ros2_ws/src/drone_fleet/install/drone_fleet/share/drone_fleet/package.dsv'
[2.627s] INFO:colcon.colcon_core.shell:Creating package script '/home/nakulsharma/ros2_ws/src/drone_fleet/install/drone_fleet/share/drone_fleet/package.sh'
[2.627s] INFO:colcon.colcon_core.shell:Creating package script '/home/nakulsharma/ros2_ws/src/drone_fleet/install/drone_fleet/share/drone_fleet/package.bash'
[2.627s] INFO:colcon.colcon_core.shell:Creating package script '/home/nakulsharma/ros2_ws/src/drone_fleet/install/drone_fleet/share/drone_fleet/package.zsh'
[2.627s] Level 1:colcon.colcon_core.environment:create_file_with_runtime_dependencies(/home/nakulsharma/ros2_ws/src/drone_fleet/install/drone_fleet/share/colcon-core/packages/drone_fleet)
[2.627s] DEBUG:colcon.colcon_parallel_executor.executor.parallel:closing loop
[2.628s] DEBUG:colcon.colcon_parallel_executor.executor.parallel:loop closed
[2.628s] DEBUG:colcon.colcon_parallel_executor.executor.parallel:run_until_complete finished with '0'
[2.628s] DEBUG:colcon.colcon_core.event_reactor:joining thread
[2.631s] INFO:colcon.colcon_core.plugin_system:Skipping extension 'colcon_notification.desktop_notification.terminal_notifier': Not used on non-Darwin systems
[2.631s] INFO:colcon.colcon_core.plugin_system:Skipping extension 'colcon_notification.desktop_notification.win32': Not used on non-Windows systems
[2.631s] INFO:colcon.colcon_notification.desktop_notification:Sending desktop notification using 'notify2'
[2.669s] DEBUG:colcon.colcon_core.event_reactor:joined thread
[2.669s] INFO:colcon.colcon_core.shell:Creating prefix script '/home/nakulsharma/ros2_ws/src/drone_fleet/install/local_setup.ps1'
[2.672s] INFO:colcon.colcon_core.shell:Creating prefix util module '/home/nakulsharma/ros2_ws/src/drone_fleet/install/_local_setup_util_ps1.py'
[2.673s] INFO:colcon.colcon_core.shell:Creating prefix chain script '/home/nakulsharma/ros2_ws/src/drone_fleet/install/setup.ps1'
[2.686s] INFO:colcon.colcon_core.shell:Creating prefix script '/home/nakulsharma/ros2_ws/src/drone_fleet/install/local_setup.sh'
[2.687s] INFO:colcon.colcon_core.shell:Creating prefix util module '/home/nakulsharma/ros2_ws/src/drone_fleet/install/_local_setup_util_sh.py'
[2.688s] INFO:colcon.colcon_core.shell:Creating prefix chain script '/home/nakulsharma/ros2_ws/src/drone_fleet/install/setup.sh'
[2.689s] INFO:colcon.colcon_core.shell:Creating prefix script '/home/nakulsharma/ros2_ws/src/drone_fleet/install/local_setup.bash'
[2.689s] INFO:colcon.colcon_core.shell:Creating prefix chain script '/home/nakulsharma/ros2_ws/src/drone_fleet/install/setup.bash'
[2.693s] INFO:colcon.colcon_core.shell:Creating prefix script '/home/nakulsharma/ros2_ws/src/drone_fleet/install/local_setup.zsh'
[2.693s] INFO:colcon.colcon_core.shell:Creating prefix chain script '/home/nakulsharma/ros2_ws/src/drone_fleet/install/setup.zsh'
