[ 50%] [32mBuilding CXX object CMakeFiles/drone_node.dir/src/drone_node.cpp.o[0m
[ 50%] [32mBuilding CXX object CMakeFiles/drone_node.dir/src/Vehicle.cpp.o[0m
[ 50%] [32mBuilding CXX object CMakeFiles/drone_node.dir/src/Drone.cpp.o[0m
[ 66%] [32mBuilding CXX object CMakeFiles/drone_node.dir/src/MissionDrone.cpp.o[0m
[ 83%] [32mBuilding CXX object CMakeFiles/drone_node.dir/src/AutonomousDrone.cpp.o[0m
[100%] [32m[1mLinking CXX executable drone_node[0m
[100%] Built target drone_node
-- Install configuration: ""
-- Installing: /home/nakulsharma/ros2_ws/src/drone_fleet/install/drone_fleet/lib/drone_fleet/drone_node
-- Set non-toolchain portion of runtime path of "/home/nakulsharma/ros2_ws/src/drone_fleet/install/drone_fleet/lib/drone_fleet/drone_node" to ""
-- Up-to-date: /home/nakulsharma/ros2_ws/src/drone_fleet/install/drone_fleet/share/ament_index/resource_index/package_run_dependencies/drone_fleet
-- Installing: /home/nakulsharma/ros2_ws/src/drone_fleet/install/drone_fleet/share/ament_index/resource_index/parent_prefix_path/drone_fleet
-- Up-to-date: /home/nakulsharma/ros2_ws/src/drone_fleet/install/drone_fleet/share/drone_fleet/environment/ament_prefix_path.sh
-- Up-to-date: /home/nakulsharma/ros2_ws/src/drone_fleet/install/drone_fleet/share/drone_fleet/environment/ament_prefix_path.dsv
-- Up-to-date: /home/nakulsharma/ros2_ws/src/drone_fleet/install/drone_fleet/share/drone_fleet/environment/path.sh
-- Up-to-date: /home/nakulsharma/ros2_ws/src/drone_fleet/install/drone_fleet/share/drone_fleet/environment/path.dsv
-- Up-to-date: /home/nakulsharma/ros2_ws/src/drone_fleet/install/drone_fleet/share/drone_fleet/local_setup.bash
-- Up-to-date: /home/nakulsharma/ros2_ws/src/drone_fleet/install/drone_fleet/share/drone_fleet/local_setup.sh
-- Up-to-date: /home/nakulsharma/ros2_ws/src/drone_fleet/install/drone_fleet/share/drone_fleet/local_setup.zsh
-- Up-to-date: /home/nakulsharma/ros2_ws/src/drone_fleet/install/drone_fleet/share/drone_fleet/local_setup.dsv
-- Installing: /home/nakulsharma/ros2_ws/src/drone_fleet/install/drone_fleet/share/drone_fleet/package.dsv
-- Up-to-date: /home/nakulsharma/ros2_ws/src/drone_fleet/install/drone_fleet/share/ament_index/resource_index/packages/drone_fleet
-- Up-to-date: /home/nakulsharma/ros2_ws/src/drone_fleet/install/drone_fleet/share/drone_fleet/cmake/drone_fleetConfig.cmake
-- Up-to-date: /home/nakulsharma/ros2_ws/src/drone_fleet/install/drone_fleet/share/drone_fleet/cmake/drone_fleetConfig-version.cmake
-- Up-to-date: /home/nakulsharma/ros2_ws/src/drone_fleet/install/drone_fleet/share/drone_fleet/package.xml
